
ROM used:   120/32768 (0%)
            124/32768 (0%) including unused fragments

            0.1 Average locations per line
            10.0 Average locations per statement

RAM used:   5/2048 (0%) at main() level
            5/2048 (0%) worst case

Stack used: 0 worst case (0 in main + 0 for interrupts)
Stack size: 31

Lines Stmts  %   Files
----- ----- ---  -----
   56    12 100  ADC Set Point.c
  972     0   0  D:\Programas\PICC\Devices\18F45K50.h
----- -----
 1028    12 Total

Page ROM  %  RAM    Vol Diff  Functions:
---- --- --- ---    --- ----  ----------
0     40  17    0     37  1.1  SisInit
0     76  32    0    152  3.4  MAIN
 Inline         0    362  2.3  @cinit1

Program metrics:
    Functions               3
    Statements              12
    Comments                196
    Volume (V)              696
    Difficulty (D)          7.0
    Effort to implement (E) 4835
    Time to implement (T)   4 minutes
    Est Delivered Bugs (B)  0
    Cyclomatic Complexity   1
    Maintainability (MI)    118

 Segment     Used  Free
-----------  ----  ----
00000-01FFE     0  8192  
02000-02006     4  4  
02008-07FFE   116  24452  



